❌ P004 无段落
❌ P006 无段落
❌ P009 无段落
✅ P011 225KB
✅ P013 123KB
❌ P015 无段落
✅ P016 183KB
❌ P017 无段落
❌ P018 无段落
❌ P019 HTTP 404
✅ P021 69KB
✅ P024 60KB
✅ P026 96KB
✅ P028 134KB
✅ P030 页面PDF 17KB
❌ P032 异常: HTTPSConnectionPool(host='npc.gov.cn', port=443): Max retrie
❌ P034 无段落
✅ P035 56KB
✅ P036 127KB
✅ P037 45KB
✅ P039 82KB
✅ P040 91KB
✅ P041 154KB
✅ P042 98KB
✅ P043 97KB
✅ P044 98KB
❌ P045 HTTP 404
❌ P047 无段落
✅ P048 111KB
✅ P049 102KB
✅ P050 84KB
✅ P051 186KB
✅ P052 164KB
✅ P053 36KB
✅ P054 页面PDF 32KB
✅ P055 59KB
✅ P056 页面PDF 513KB
✅ P057 114KB
✅ P058 130KB
✅ P060 69KB
✅ P061 142KB
✅ P062 110KB
✅ P064 89KB
✅ P065 37KB
✅ P066 56KB
✅ P067 50KB
✅ P068 83KB
✅ P069 155KB
✅ P072 15KB
✅ P073 109KB
✅ P074 23KB
✅ P075 68KB
✅ P076 43KB
✅ P077 64KB
✅ P078 137KB
✅ P079 108KB
✅ P081 38KB
✅ P082 113KB
✅ P083 95KB
✅ P084 页面PDF 413KB