2026-05-29 23:23:07,610 [INFO] [01/85] P001 | 关于积极推进"互联网+"行动的指导意见
2026-05-29 23:23:16,451 [INFO] [02/85] P002 | 促进大数据发展行动纲要
2026-05-29 23:23:28,006 [INFO] [03/85] P003 | 国家信息化发展战略纲要
2026-05-29 23:23:35,815 [INFO] [04/85] P004 | 中华人民共和国网络安全法
2026-05-29 23:23:44,735 [INFO] [05/85] P005 | 十三五国家信息化规划
2026-05-29 23:23:53,377 [INFO] [06/85] P006 | 电子商务法（草案）历次审议
2026-05-29 23:24:31,680 [INFO] [07/85] P007 | 新一代人工智能发展规划
2026-05-29 23:24:39,478 [INFO] [08/85] P008 | 关于进一步扩大和升级信息消费持续释放内需潜力的指导意见
2026-05-29 23:24:45,920 [INFO] [09/85] P009 | 中华人民共和国电子商务法
2026-05-29 23:24:56,561 [INFO] [10/85] P010 | 关于推动创新创业高质量发展打造"双创"升级版的意见
2026-05-29 23:25:09,224 [INFO] [12/85] P012 | 关于构建更加完善的要素市场化配置体制机制的意见
2026-05-29 23:25:18,676 [INFO] [14/85] P014 | 关于以新业态新模式引领新型消费加快发展的意见
2026-05-29 23:25:27,727 [INFO] [15/85] P015 | 中华人民共和国反垄断法（修订草案）启动
2026-05-29 23:25:36,645 [INFO] [16/85] P016 | 关于平台经济领域的反垄断指南
2026-05-29 23:25:41,806 [INFO] [17/85] P017 | 中华人民共和国数据安全法
2026-05-29 23:25:50,484 [INFO] [18/85] P018 | 中华人民共和国个人信息保护法
2026-05-29 23:25:59,757 [INFO] [19/85] P019 | 网络安全审查办法（修订版）
2026-05-29 23:26:11,811 [INFO] [20/85] P020 | 十四五数字经济发展规划
2026-05-29 23:26:22,008 [INFO] [21/85] P021 | 数据出境安全评估办法
2026-05-29 23:26:36,761 [INFO] [22/85] P022 | 互联网信息服务算法推荐管理规定
2026-05-29 23:26:44,085 [INFO] [23/85] P023 | 互联网信息服务深度合成管理规定
2026-05-29 23:26:50,549 [INFO] [24/85] P024 | 个人信息出境标准合同办法
2026-05-29 23:27:02,113 [INFO] [25/85] P025 | 数字中国建设整体布局规划
2026-05-29 23:27:11,624 [INFO] [26/85] P026 | 生成式人工智能服务管理暂行办法
2026-05-29 23:27:23,154 [INFO] [27/85] P027 | 国家数据局正式组建（三定方案）
2026-05-29 23:27:31,945 [INFO] [28/85] P028 | 个人信息保护合规审计管理办法（征求意见稿）
2026-05-29 23:27:43,462 [INFO] [29/85] P029 | 网络数据安全管理条例
2026-05-29 23:27:52,929 [INFO] [30/85] P030 | 企业数据资源相关会计处理暂行规定
2026-05-29 23:28:38,124 [WARNING]     Chrome 超时 (45s)
2026-05-29 23:28:41,126 [INFO] [31/85] P031 | 数据要素×三年行动计划（2024-2026年）
2026-05-29 23:28:52,450 [INFO] [33/85] P033 | 关于加快推进"一件事一次办"改革提升政务服务效能的通知
2026-05-29 23:29:00,727 [INFO] [34/85] P034 | 中华人民共和国反垄断法（2022年修订）
2026-05-29 23:29:09,946 [INFO] [35/85] P035 | 互联网平台分类分级指南（征求意见稿）
2026-05-29 23:29:14,470 [INFO] [36/85] P036 | 互联网信息服务管理办法（修订草案）
2026-05-29 23:29:28,692 [INFO] [38/85] P038 | 关于进一步减轻义务教育阶段学生作业负担和校外培训负担的意见（双减政策）
2026-05-29 23:29:35,188 [INFO] [39/85] P039 | 关于加强互联网信息服务算法综合治理的指导意见
2026-05-29 23:29:46,659 [INFO] [40/85] P040 | 关于进一步规范明星网络行为的通知
2026-05-29 23:30:10,048 [INFO] [45/85] P045 | 个人信息保护认证实施规则
2026-05-29 23:30:21,059 [INFO] [46/85] P046 | 国务院关于加强数字政府建设的指导意见
2026-05-29 23:30:30,730 [INFO] [47/85] P047 | 中华人民共和国密码法
2026-05-29 23:31:15,854 [WARNING]     Chrome 超时 (45s)
2026-05-30 08:03:20,299 [INFO] [30/85] P030 | 企业数据资源相关会计处理暂行规定
2026-05-30 08:04:17,735 [INFO] [47/85] P047 | 中华人民共和国密码法
2026-05-30 08:32:05,348 [INFO] [01/85] P001 ✅ 已存在，跳过
2026-05-30 08:32:07,351 [INFO] [02/85] P002 ✅ 已存在，跳过
2026-05-30 08:32:09,352 [INFO] [03/85] P003 ✅ 已存在，跳过
2026-05-30 08:32:11,354 [INFO] [04/85] P004 ✅ 已存在，跳过
2026-05-30 08:32:13,355 [INFO] [05/85] P005 ✅ 已存在，跳过
2026-05-30 08:32:15,355 [INFO] [06/85] P006 ✅ 已存在，跳过
2026-05-30 08:32:17,357 [INFO] [07/85] P007 ✅ 已存在，跳过
2026-05-30 08:32:19,358 [INFO] [08/85] P008 ✅ 已存在，跳过
2026-05-30 08:32:21,359 [INFO] [09/85] P009 ✅ 已存在，跳过
2026-05-30 08:32:23,361 [INFO] [10/85] P010 ✅ 已存在，跳过
2026-05-30 08:34:33,184 [INFO] [01/85] P001 ✅ 已存在，跳过
2026-05-30 08:34:35,185 [INFO] [02/85] P002 ✅ 已存在，跳过
2026-05-30 08:34:37,187 [INFO] [03/85] P003 ✅ 已存在，跳过
2026-05-30 08:34:39,188 [INFO] [04/85] P004 ✅ 已存在，跳过
2026-05-30 08:34:41,190 [INFO] [05/85] P005 ✅ 已存在，跳过
2026-05-30 08:34:43,191 [INFO] [06/85] P006 ✅ 已存在，跳过
2026-05-30 08:34:45,192 [INFO] [07/85] P007 ✅ 已存在，跳过
2026-05-30 08:34:47,193 [INFO] [08/85] P008 ✅ 已存在，跳过
2026-05-30 08:34:49,194 [INFO] [09/85] P009 ✅ 已存在，跳过
2026-05-30 08:34:51,195 [INFO] [10/85] P010 ✅ 已存在，跳过
2026-05-30 08:34:53,196 [INFO] [11/85] P011 ⏭️ 跳过（URL 不完整）
2026-05-30 08:34:55,197 [INFO] [12/85] P012 ✅ 已存在，跳过
2026-05-30 08:34:57,197 [INFO] [13/85] P013 ⏭️ 跳过（URL 不完整）
2026-05-30 08:34:59,199 [INFO] [14/85] P014 ✅ 已存在，跳过
2026-05-30 08:35:01,200 [INFO] [15/85] P015 ✅ 已存在，跳过
2026-05-30 08:35:03,201 [INFO] [16/85] P016 ✅ 已存在，跳过
2026-05-30 08:35:05,202 [INFO] [17/85] P017 ✅ 已存在，跳过
2026-05-30 08:35:07,204 [INFO] [18/85] P018 ✅ 已存在，跳过
2026-05-30 08:35:09,206 [INFO] [19/85] P019 ✅ 已存在，跳过
2026-05-30 08:35:11,207 [INFO] [20/85] P020 ✅ 已存在，跳过
2026-05-30 08:35:13,209 [INFO] [21/85] P021 ✅ 已存在，跳过
2026-05-30 08:35:15,209 [INFO] [22/85] P022 ✅ 已存在，跳过
2026-05-30 08:35:17,211 [INFO] [23/85] P023 ✅ 已存在，跳过
2026-05-30 08:35:19,212 [INFO] [24/85] P024 ✅ 已存在，跳过
2026-05-30 08:35:21,213 [INFO] [25/85] P025 ✅ 已存在，跳过
2026-05-30 08:35:23,220 [INFO] [26/85] P026 ✅ 已存在，跳过
2026-05-30 08:35:25,222 [INFO] [27/85] P027 ✅ 已存在，跳过
2026-05-30 08:35:27,223 [INFO] [28/85] P028 ✅ 已存在，跳过
2026-05-30 08:35:29,225 [INFO] [29/85] P029 ✅ 已存在，跳过
2026-05-30 08:35:31,226 [INFO] [30/85] P030 ✅ 已存在，跳过
2026-05-30 08:35:33,249 [INFO] [31/85] P031 ✅ 已存在，跳过
2026-05-30 08:35:35,258 [INFO] [32/85] P032 ⏭️ 跳过（URL 不完整）
2026-05-30 08:35:37,259 [INFO] [33/85] P033 ✅ 已存在，跳过
2026-05-30 08:35:39,261 [INFO] [34/85] P034 ✅ 已存在，跳过
2026-05-30 08:35:41,264 [INFO] [35/85] P035 ✅ 已存在，跳过
2026-05-30 08:35:43,265 [INFO] [36/85] P036 ✅ 已存在，跳过
2026-05-30 08:35:45,267 [INFO] [37/85] P037 ⏭️ 跳过（URL 不完整）
2026-05-30 08:35:47,291 [INFO] [38/85] P038 ✅ 已存在，跳过
2026-05-30 08:35:49,349 [INFO] [39/85] P039 ✅ 已存在，跳过
2026-05-30 08:35:51,350 [INFO] [40/85] P040 ✅ 已存在，跳过
2026-05-30 08:35:53,351 [INFO] [41/85] P041 ⏭️ 跳过（URL 不完整）
2026-05-30 08:35:55,351 [INFO] [42/85] P042 ⏭️ 跳过（URL 不完整）
2026-05-30 08:35:57,352 [INFO] [43/85] P043 ⏭️ 跳过（URL 不完整）
2026-05-30 08:35:59,353 [INFO] [44/85] P044 ⏭️ 跳过（URL 不完整）
2026-05-30 08:36:01,387 [INFO] [45/85] P045 ✅ 已存在，跳过
2026-05-30 08:36:03,397 [INFO] [46/85] P046 ✅ 已存在，跳过
2026-05-30 08:36:05,398 [INFO] [47/85] P047 ✅ 已存在，跳过
2026-05-30 08:36:07,399 [INFO] [48/85] P048 ⏭️ 跳过（URL 不完整）
2026-05-30 08:36:09,400 [INFO] [49/85] P049 ⏭️ 跳过（URL 不完整）
2026-05-30 08:36:11,401 [INFO] [50/85] P050 ⏭️ 跳过（URL 不完整）
2026-05-30 08:36:13,403 [INFO] [51/85] P051 ⏭️ 跳过（URL 不完整）
2026-05-30 08:36:15,404 [INFO] [52/85] P052 ⏭️ 跳过（URL 不完整）
2026-05-30 08:36:17,405 [INFO] [53/85] P053 ⏭️ 跳过（URL 不完整）
2026-05-30 08:36:19,406 [INFO] [54/85] P054 ⏭️ 跳过（URL 不完整）
2026-05-30 08:36:21,407 [INFO] [55/85] P055 ⏭️ 跳过（URL 不完整）
2026-05-30 08:36:23,408 [INFO] [56/85] P056 ⏭️ 跳过（URL 不完整）
2026-05-30 08:36:25,409 [INFO] [57/85] P057 ⏭️ 跳过（URL 不完整）
2026-05-30 08:36:27,410 [INFO] [58/85] P058 ⏭️ 跳过（URL 不完整）
2026-05-30 08:36:29,411 [INFO] [59/85] P059 ⏭️ 跳过（URL 不完整）
2026-05-30 08:36:31,412 [INFO] [60/85] P060 ⏭️ 跳过（URL 不完整）
2026-05-30 08:36:33,418 [INFO] [61/85] P061 ⏭️ 跳过（URL 不完整）
2026-05-30 08:36:35,419 [INFO] [62/85] P062 ⏭️ 跳过（URL 不完整）
2026-05-30 08:36:37,421 [INFO] [63/85] P063 ⏭️ 跳过（URL 不完整）
2026-05-30 08:36:39,422 [INFO] [64/85] P064 ⏭️ 跳过（URL 不完整）
2026-05-30 08:36:41,423 [INFO] [65/85] P065 ⏭️ 跳过（URL 不完整）
2026-05-30 08:36:43,425 [INFO] [66/85] P066 ⏭️ 跳过（URL 不完整）
2026-05-30 08:36:45,426 [INFO] [67/85] P067 ⏭️ 跳过（URL 不完整）
2026-05-30 08:36:47,427 [INFO] [68/85] P068 ⏭️ 跳过（URL 不完整）
2026-05-30 08:36:49,427 [INFO] [69/85] P069 ⏭️ 跳过（URL 不完整）
2026-05-30 08:36:51,428 [INFO] [70/85] P070 ⏭️ 跳过（URL 不完整）
2026-05-30 08:36:53,430 [INFO] [71/85] P071 ⏭️ 跳过（URL 不完整）
2026-05-30 08:36:55,430 [INFO] [72/85] P072 ⏭️ 跳过（URL 不完整）
2026-05-30 08:36:57,432 [INFO] [73/85] P073 ⏭️ 跳过（URL 不完整）
2026-05-30 08:36:59,434 [INFO] [74/85] P074 ⏭️ 跳过（URL 不完整）
2026-05-30 08:37:01,444 [INFO] [75/85] P075 ⏭️ 跳过（URL 不完整）
2026-05-30 08:37:03,445 [INFO] [76/85] P076 ⏭️ 跳过（URL 不完整）
2026-05-30 08:37:05,446 [INFO] [77/85] P077 ⏭️ 跳过（URL 不完整）
2026-05-30 08:37:07,447 [INFO] [78/85] P078 ⏭️ 跳过（URL 不完整）
2026-05-30 08:37:09,448 [INFO] [79/85] P079 ⏭️ 跳过（URL 不完整）
2026-05-30 08:37:11,449 [INFO] [80/85] P080 ⏭️ 跳过（URL 不完整）
2026-05-30 08:37:13,451 [INFO] [81/85] P081 ⏭️ 跳过（URL 不完整）
2026-05-30 08:37:15,453 [INFO] [82/85] P082 ⏭️ 跳过（URL 不完整）
2026-05-30 08:37:17,453 [INFO] [83/85] P083 ⏭️ 跳过（URL 不完整）
2026-05-30 08:37:19,455 [INFO] [84/85] P084 ⏭️ 跳过（URL 不完整）
2026-05-30 08:37:21,455 [INFO] [85/85] P085 ⏭️ 跳过（URL 不完整）
2026-05-30 08:37:21,457 [INFO] 📄 报告已保存: pdf采集报告.md
